<?xml version="1.0" encoding="UTF-8"?>
<!-- Generated by org.testng.reporters.JUnitReportReporter -->
<testsuite skipped="0" hostname="DESKTOP-9FLSIDR" name="com.training.sanity.tests.LoginTests" tests="3" failures="0" timestamp="15 May 2020 22:20:50 GMT" time="115.511" errors="0">
  <testcase name="homeScreen" time="41.373" classname="com.training.sanity.tests.LoginTests"/>
  <testcase name="validprofiledetails" time="35.664" classname="com.training.sanity.tests.LoginTests"/>
  <testcase name="deletepost" time="38.474" classname="com.training.sanity.tests.LoginTests"/>
</testsuite> <!-- com.training.sanity.tests.LoginTests -->
