<?xml version="1.0" encoding="UTF-8"?>
<!-- Generated by org.testng.reporters.JUnitReportReporter -->
<testsuite skipped="0" hostname="DESKTOP-9FLSIDR" name="com.training.sanity.tests.LoginTests" tests="1" failures="0" timestamp="08 May 2020 01:47:21 GMT" time="54.902" errors="0">
  <testcase name="validLoginTest" time="54.902" classname="com.training.sanity.tests.LoginTests"/>
</testsuite> <!-- com.training.sanity.tests.LoginTests -->
