<?xml version="1.0" encoding="UTF-8"?>
<!-- Generated by org.testng.reporters.JUnitReportReporter -->
<testsuite skipped="0" hostname="DESKTOP-9FLSIDR" name="com.training.regression.tests.LoginDBTest" tests="2" failures="0" timestamp="22 May 2020 01:10:52 GMT" time="47.004" errors="0">
  <testcase name="loginDBTest" time="26.186" classname="com.training.regression.tests.LoginDBTest"/>
  <testcase name="loginDBTest" time="20.818" classname="com.training.regression.tests.LoginDBTest"/>
</testsuite> <!-- com.training.regression.tests.LoginDBTest -->
