<?xml version="1.0" encoding="UTF-8"?>
<!-- Generated by org.testng.reporters.JUnitReportReporter -->
<testsuite skipped="0" hostname="DESKTOP-9FLSIDR" name="com.training.regression.tests.LoginExcelTest" tests="4" failures="0" timestamp="21 May 2020 04:54:45 GMT" time="135.742" errors="0">
  <testcase name="loginDBTest" time="26.714" classname="com.training.regression.tests.LoginExcelTest"/>
  <testcase name="loginDBTest1" time="36.612" classname="com.training.regression.tests.LoginExcelTest"/>
  <testcase name="loginDBTest1" time="35.937" classname="com.training.regression.tests.LoginExcelTest"/>
  <testcase name="loginDBTest1" time="36.479" classname="com.training.regression.tests.LoginExcelTest"/>
</testsuite> <!-- com.training.regression.tests.LoginExcelTest -->
