<?xml version="1.0" encoding="UTF-8"?>
<!-- Generated by org.testng.reporters.JUnitReportReporter -->
<testsuite skipped="0" hostname="DESKTOP-9FLSIDR" name="com.training.sanity.tests.LoginTests" tests="3" failures="0" timestamp="08 May 2020 21:51:59 GMT" time="91.759" errors="0">
  <testcase name="filterProperties" time="34.161" classname="com.training.sanity.tests.LoginTests"/>
  <testcase name="logoutCheck" time="27.303" classname="com.training.sanity.tests.LoginTests"/>
  <testcase name="validprofiledetails" time="30.295" classname="com.training.sanity.tests.LoginTests"/>
</testsuite> <!-- com.training.sanity.tests.LoginTests -->
